   1               		.file	"abi.cpp"
   2               	__SREG__ = 0x3f
   3               	__SP_H__ = 0x3e
   4               	__SP_L__ = 0x3d
   5               	__CCP__  = 0x34
   6               	__tmp_reg__ = 0
   7               	__zero_reg__ = 1
   8               		.global __do_copy_data
   9               		.global __do_clear_bss
  17               	.Ltext0:
  18               	.global	__cxa_deleted_virtual
  20               	__cxa_deleted_virtual:
  21               	.LFB3:
  22               	.LM1:
  23               	/* prologue: function */
  24               	/* frame size = 0 */
  25               	.LM2:
  26 0000 0E94 0000 		call abort
  27               	.LFE3:
  29               	.global	__cxa_pure_virtual
  31               	__cxa_pure_virtual:
  32               	.LFB2:
  33               	.LM3:
  34               	/* prologue: function */
  35               	/* frame size = 0 */
  36               	.LM4:
  37 0004 0E94 0000 		call abort
  38               	.LFE2:
  72               	.Letext0:
DEFINED SYMBOLS
                            *ABS*:00000000 abi.cpp
C:\Users\OPENMA~1\AppData\Local\Temp/ccY3fgL4.s:2      *ABS*:0000003f __SREG__
C:\Users\OPENMA~1\AppData\Local\Temp/ccY3fgL4.s:3      *ABS*:0000003e __SP_H__
C:\Users\OPENMA~1\AppData\Local\Temp/ccY3fgL4.s:4      *ABS*:0000003d __SP_L__
C:\Users\OPENMA~1\AppData\Local\Temp/ccY3fgL4.s:5      *ABS*:00000034 __CCP__
C:\Users\OPENMA~1\AppData\Local\Temp/ccY3fgL4.s:6      *ABS*:00000000 __tmp_reg__
C:\Users\OPENMA~1\AppData\Local\Temp/ccY3fgL4.s:7      *ABS*:00000001 __zero_reg__
C:\Users\OPENMA~1\AppData\Local\Temp/ccY3fgL4.s:20     .text:00000000 __cxa_deleted_virtual
C:\Users\OPENMA~1\AppData\Local\Temp/ccY3fgL4.s:31     .text:00000004 __cxa_pure_virtual

UNDEFINED SYMBOLS
__do_copy_data
__do_clear_bss
abort
