   1               		.file	"HardwareSerial1.cpp"
   2               	__SREG__ = 0x3f
   3               	__SP_H__ = 0x3e
   4               	__SP_L__ = 0x3d
   5               	__CCP__  = 0x34
   6               	__tmp_reg__ = 0
   7               	__zero_reg__ = 1
   8               		.global __do_copy_data
   9               		.global __do_clear_bss
  17               	.Ltext0:
  18               	.Letext0:
DEFINED SYMBOLS
                            *ABS*:00000000 HardwareSerial1.cpp
C:\Users\OPENMA~1\AppData\Local\Temp/cc7ZR23m.s:2      *ABS*:0000003f __SREG__
C:\Users\OPENMA~1\AppData\Local\Temp/cc7ZR23m.s:3      *ABS*:0000003e __SP_H__
C:\Users\OPENMA~1\AppData\Local\Temp/cc7ZR23m.s:4      *ABS*:0000003d __SP_L__
C:\Users\OPENMA~1\AppData\Local\Temp/cc7ZR23m.s:5      *ABS*:00000034 __CCP__
C:\Users\OPENMA~1\AppData\Local\Temp/cc7ZR23m.s:6      *ABS*:00000000 __tmp_reg__
C:\Users\OPENMA~1\AppData\Local\Temp/cc7ZR23m.s:7      *ABS*:00000001 __zero_reg__

UNDEFINED SYMBOLS
__do_copy_data
__do_clear_bss
